Using pre-set license
Built from '2020.3/staging' branch; Version is '2020.3.19f1 (68f137dc9bbe) revision 6877495'; Using compiler version '192528614'; Build Type 'Release'
OS: 'Windows 10 Home; OS build 19042.1415; Version 2009; 64bit' Language: 'en' Physical Memory: 16215 MB
BatchMode: 1, IsHumanControllingUs: 0, StartBugReporterOnCrash: 0, Is64bit: 1, IsPro: 0

COMMAND LINE ARGUMENTS:
C:\Program Files\Unity\Hub\Editor\2020.3.19f1\Editor\Unity.exe
-adb2
-batchMode
-noUpm
-name
AssetImportWorker0
-projectPath
D:/COMP 1774/Space Survival
-logFile
Logs/AssetImportWorker0.log
-srvPort
65009
Successfully changed project path to: D:/COMP 1774/Space Survival
D:/COMP 1774/Space Survival
Using Asset Import Pipeline V2.
Refreshing native plugins compatible for Editor in 98.74 ms, found 3 plugins.
Preloading 0 native plugins for Editor in 0.00 ms.
Initialize engine version: 2020.3.19f1 (68f137dc9bbe)
[Subsystems] Discovering subsystems at path C:/Program Files/Unity/Hub/Editor/2020.3.19f1/Editor/Data/Resources/UnitySubsystems
[Subsystems] Discovering subsystems at path D:/COMP 1774/Space Survival/Assets
GfxDevice: creating device client; threaded=0
Direct3D:
    Version:  Direct3D 11.0 [level 11.1]
    Renderer: NVIDIA GeForce RTX 2070 with Max-Q Design (ID=0x1f14)
    Vendor:   
    VRAM:     8031 MB
    Driver:   30.0.14.9729
Initialize mono
Mono path[0] = 'C:/Program Files/Unity/Hub/Editor/2020.3.19f1/Editor/Data/Managed'
Mono path[1] = 'C:/Program Files/Unity/Hub/Editor/2020.3.19f1/Editor/Data/MonoBleedingEdge/lib/mono/unityjit'
Mono config path = 'C:/Program Files/Unity/Hub/Editor/2020.3.19f1/Editor/Data/MonoBleedingEdge/etc'
Using monoOptions --debugger-agent=transport=dt_socket,embedding=1,server=y,suspend=n,address=127.0.0.1:56452
Begin MonoManager ReloadAssembly
Registering precompiled unity dll's ...
Register platform support module: C:/Program Files/Unity/Hub/Editor/2020.3.19f1/Editor/Data/PlaybackEngines/WindowsStandaloneSupport/UnityEditor.WindowsStandalone.Extensions.dll
Registered in 0.002939 seconds.
Native extension for WindowsStandalone target not found
Refreshing native plugins compatible for Editor in 90.46 ms, found 3 plugins.
Preloading 0 native plugins for Editor in 0.00 ms.
Mono: successfully reloaded assembly
- Completed reload, in  1.596 seconds
Domain Reload Profiling:
	ReloadAssembly (1596ms)
		BeginReloadAssembly (74ms)
			ExecutionOrderSort (0ms)
			DisableScriptedObjects (0ms)
			BackupInstance (0ms)
			ReleaseScriptingObjects (0ms)
			CreateAndSetChildDomain (1ms)
		EndReloadAssembly (657ms)
			LoadAssemblies (71ms)
			RebuildTransferFunctionScriptingTraits (0ms)
			SetupTypeCache (222ms)
			ReleaseScriptCaches (0ms)
			RebuildScriptCaches (41ms)
			SetupLoadedEditorAssemblies (294ms)
				LogAssemblyErrors (0ms)
				InitializePlatformSupportModulesInManaged (6ms)
				SetLoadedEditorAssemblies (0ms)
				RefreshPlugins (91ms)
				BeforeProcessingInitializeOnLoad (21ms)
				ProcessInitializeOnLoadAttributes (109ms)
				ProcessInitializeOnLoadMethodAttributes (68ms)
				AfterProcessingInitializeOnLoad (0ms)
				EditorAssembliesLoaded (0ms)
			ExecutionOrderSort2 (0ms)
			AwakeInstancesAfterBackupRestoration (0ms)
Platform modules already initialized, skipping
Registering precompiled user dll's ...
Registered in 0.004502 seconds.
Begin MonoManager ReloadAssembly
Native extension for WindowsStandalone target not found
Refreshing native plugins compatible for Editor in 90.25 ms, found 3 plugins.
Preloading 0 native plugins for Editor in 0.00 ms.
Mono: successfully reloaded assembly
- Completed reload, in  1.827 seconds
Domain Reload Profiling:
	ReloadAssembly (1828ms)
		BeginReloadAssembly (203ms)
			ExecutionOrderSort (0ms)
			DisableScriptedObjects (6ms)
			BackupInstance (0ms)
			ReleaseScriptingObjects (0ms)
			CreateAndSetChildDomain (24ms)
		EndReloadAssembly (1516ms)
			LoadAssemblies (206ms)
			RebuildTransferFunctionScriptingTraits (0ms)
			SetupTypeCache (469ms)
			ReleaseScriptCaches (1ms)
			RebuildScriptCaches (74ms)
			SetupLoadedEditorAssemblies (553ms)
				LogAssemblyErrors (0ms)
				InitializePlatformSupportModulesInManaged (6ms)
				SetLoadedEditorAssemblies (0ms)
				RefreshPlugins (90ms)
				BeforeProcessingInitializeOnLoad (130ms)
				ProcessInitializeOnLoadAttributes (296ms)
				ProcessInitializeOnLoadMethodAttributes (21ms)
				AfterProcessingInitializeOnLoad (10ms)
				EditorAssembliesLoaded (0ms)
			ExecutionOrderSort2 (0ms)
			AwakeInstancesAfterBackupRestoration (9ms)
Platform modules already initialized, skipping
========================================================================
Worker process is ready to serve import requests
Launched and connected shader compiler UnityShaderCompiler.exe after 0.10 seconds
Refreshing native plugins compatible for Editor in 0.83 ms, found 3 plugins.
Preloading 0 native plugins for Editor in 0.00 ms.
Unloading 3225 Unused Serialized files (Serialized files now loaded: 0)
System memory in use before: 137.3 MB.
System memory in use after: 137.5 MB.

Unloading 27 unused Assets to reduce memory usage. Loaded Objects now: 3664.
Total: 4.777300 ms (FindLiveObjects: 0.382700 ms CreateObjectMapping: 0.206200 ms MarkObjects: 4.099300 ms  DeleteObjects: 0.087700 ms)

AssetImportParameters requested are different than current active one (requested -> active):
  custom:framework-win-MediaFoundation: 216162199b28c13a410421893ffa2e32 -> 
  custom:video-decoder-ogg-theora: a1e56fd34408186e4bbccfd4996cb3dc -> 
  custom:container-muxer-webm: aa71ff27fc2769a1b78a27578f13a17b -> 
  custom:container-demuxer-webm: 4f35f7cbe854078d1ac9338744f61a02 -> 
  custom:container-demuxer-ogg: 62fdf1f143b41e24485cea50d1cbac27 -> 
  custom:video-encoder-webm-vp8: eb34c28f22e8b96e1ab97ce403110664 -> 
  custom:video-decoder-webm-vp8: 9c59270c3fd7afecdb556c50c9e8de78 -> 
  custom:audio-decoder-ogg-vorbis: bf7c407c2cedff20999df2af8eb42d56 -> 
  custom:audio-encoder-webm-vorbis: bf7c407c2cedff20999df2af8eb42d56 -> 
========================================================================
Received Import Request.
  path: Assets/Scripts
  artifactKey: Guid(e6af23c6307096048b70462b461a89b1) Importer(815301076,1909f56bfc062723c751e8b465ee728b)
Start importing Assets/Scripts using Guid(e6af23c6307096048b70462b461a89b1) Importer(815301076,1909f56bfc062723c751e8b465ee728b)  -> (artifact id: '6e113ab3aae0cdbe40e28ef68db38ed8') in 0.049787 seconds 
  Import took 0.056391 seconds .

========================================================================
Received Import Request.
  Time since last request: 362.304069 seconds.
  path: Assets/Scripts/Bullet.cs
  artifactKey: Guid(4d1dbf7b1993d35478776055947b0d8f) Importer(815301076,1909f56bfc062723c751e8b465ee728b)
Start importing Assets/Scripts/Bullet.cs using Guid(4d1dbf7b1993d35478776055947b0d8f) Importer(815301076,1909f56bfc062723c751e8b465ee728b)  -> (artifact id: '9ae729703d9504dbc51d21cad90c6851') in 0.078104 seconds 
  Import took 0.086022 seconds .

========================================================================
Received Import Request.
  Time since last request: 47.017405 seconds.
  path: Assets/Scripts/PowerUpForceField.cs
  artifactKey: Guid(670d3dbec2cb4ef4aaaf9db2735c4298) Importer(815301076,1909f56bfc062723c751e8b465ee728b)
Start importing Assets/Scripts/PowerUpForceField.cs using Guid(670d3dbec2cb4ef4aaaf9db2735c4298) Importer(815301076,1909f56bfc062723c751e8b465ee728b)  -> (artifact id: '2c8b12039d56e42772b73f3787533f2a') in 0.053870 seconds 
  Import took 0.060388 seconds .

========================================================================
Received Import Request.
  Time since last request: 19.236638 seconds.
  path: Assets/Scripts/EnemyManager.cs
  artifactKey: Guid(e1d06292af4cc3f48867b7e4b5676396) Importer(815301076,1909f56bfc062723c751e8b465ee728b)
Start importing Assets/Scripts/EnemyManager.cs using Guid(e1d06292af4cc3f48867b7e4b5676396) Importer(815301076,1909f56bfc062723c751e8b465ee728b)  -> (artifact id: '675db958fe058c2d5206c11d0d7a0919') in 0.041952 seconds 
  Import took 0.048558 seconds .

========================================================================
Received Import Request.
  Time since last request: 74.534109 seconds.
  path: Assets/Scripts/EnemyGeneric.cs
  artifactKey: Guid(0306568b63f76e748a0d9f6c85d68d3f) Importer(815301076,1909f56bfc062723c751e8b465ee728b)
Start importing Assets/Scripts/EnemyGeneric.cs using Guid(0306568b63f76e748a0d9f6c85d68d3f) Importer(815301076,1909f56bfc062723c751e8b465ee728b)  -> (artifact id: 'b1f5b606cc8ac47a3e5ca020f6923aa2') in 0.057302 seconds 
  Import took 0.064299 seconds .

========================================================================
Received Import Request.
  Time since last request: 4.907242 seconds.
  path: Assets/Scripts/EnemyBoss.cs
  artifactKey: Guid(98638e279189bc94f98af1b284f261aa) Importer(815301076,1909f56bfc062723c751e8b465ee728b)
Start importing Assets/Scripts/EnemyBoss.cs using Guid(98638e279189bc94f98af1b284f261aa) Importer(815301076,1909f56bfc062723c751e8b465ee728b)  -> (artifact id: 'b90ca0ca56dafbc159fe21a8531c28b6') in 0.042120 seconds 
  Import took 0.048545 seconds .

========================================================================
Received Import Request.
  Time since last request: 7.619780 seconds.
  path: Assets/Scripts/EnemySpawnerLocation.cs
  artifactKey: Guid(c0e97071b0fa23447b9b366013fb2ab7) Importer(815301076,1909f56bfc062723c751e8b465ee728b)
Start importing Assets/Scripts/EnemySpawnerLocation.cs using Guid(c0e97071b0fa23447b9b366013fb2ab7) Importer(815301076,1909f56bfc062723c751e8b465ee728b)  -> (artifact id: 'edcae165ff31102ee945ef6d484ea032') in 0.043755 seconds 
  Import took 0.050233 seconds .

========================================================================
Received Import Request.
  Time since last request: 0.273079 seconds.
  path: Assets/Scripts/EnemyStrong.cs
  artifactKey: Guid(a6d68d786376a454989b38083d503461) Importer(815301076,1909f56bfc062723c751e8b465ee728b)
Start importing Assets/Scripts/EnemyStrong.cs using Guid(a6d68d786376a454989b38083d503461) Importer(815301076,1909f56bfc062723c751e8b465ee728b)  -> (artifact id: 'b8c330855bbb6b7f3255accaf98d1004') in 0.045444 seconds 
  Import took 0.051709 seconds .

========================================================================
Received Import Request.
  Time since last request: 7.933567 seconds.
  path: Assets/Scripts/Movement.cs
  artifactKey: Guid(b393bddb333bea54ebee024d06fb9090) Importer(815301076,1909f56bfc062723c751e8b465ee728b)
Start importing Assets/Scripts/Movement.cs using Guid(b393bddb333bea54ebee024d06fb9090) Importer(815301076,1909f56bfc062723c751e8b465ee728b)  -> (artifact id: '7dfde247cd661fa040bb381f3da710a3') in 0.046409 seconds 
  Import took 0.052910 seconds .

========================================================================
Received Import Request.
  Time since last request: 0.549527 seconds.
  path: Assets/Scripts/MenuScript.cs
  artifactKey: Guid(4199cae08d46f9c4cbfa32ada82b9739) Importer(815301076,1909f56bfc062723c751e8b465ee728b)
Start importing Assets/Scripts/MenuScript.cs using Guid(4199cae08d46f9c4cbfa32ada82b9739) Importer(815301076,1909f56bfc062723c751e8b465ee728b)  -> (artifact id: '3716e57e0c79e578e43557c7be1dd20a') in 0.043261 seconds 
  Import took 0.049714 seconds .

========================================================================
Received Import Request.
  Time since last request: 0.349731 seconds.
  path: Assets/Scripts/GameOver.cs
  artifactKey: Guid(1c8b568a6e7a53e49929baeac6f49f62) Importer(815301076,1909f56bfc062723c751e8b465ee728b)
Start importing Assets/Scripts/GameOver.cs using Guid(1c8b568a6e7a53e49929baeac6f49f62) Importer(815301076,1909f56bfc062723c751e8b465ee728b)  -> (artifact id: 'e79bfc0f6bd8395e2e71a8266955ac36') in 0.040861 seconds 
  Import took 0.047463 seconds .

========================================================================
Received Import Request.
  Time since last request: 10.801980 seconds.
  path: Assets/Scripts/EnemyCollider.cs
  artifactKey: Guid(fcbeb1eca1cab6545b4074d59998272b) Importer(815301076,1909f56bfc062723c751e8b465ee728b)
Start importing Assets/Scripts/EnemyCollider.cs using Guid(fcbeb1eca1cab6545b4074d59998272b) Importer(815301076,1909f56bfc062723c751e8b465ee728b)  -> (artifact id: '716a0c18f59a587e29717560ff73e9e4') in 0.047571 seconds 
  Import took 0.054092 seconds .

========================================================================
Received Import Request.
  Time since last request: 2.881389 seconds.
  path: Assets/Scripts/DeathManager.cs
  artifactKey: Guid(f20cd4ed414d98b4593460a5e84d58d9) Importer(815301076,1909f56bfc062723c751e8b465ee728b)
Start importing Assets/Scripts/DeathManager.cs using Guid(f20cd4ed414d98b4593460a5e84d58d9) Importer(815301076,1909f56bfc062723c751e8b465ee728b)  -> (artifact id: 'a821fd93fdaaab5028b1f6467a50f7fd') in 0.041733 seconds 
  Import took 0.048275 seconds .

========================================================================
Received Import Request.
  Time since last request: 2.484015 seconds.
  path: Assets/Scripts/DeathObject.cs
  artifactKey: Guid(c151d90a63cce0b4f8b4ebf9b08a725a) Importer(815301076,1909f56bfc062723c751e8b465ee728b)
Start importing Assets/Scripts/DeathObject.cs using Guid(c151d90a63cce0b4f8b4ebf9b08a725a) Importer(815301076,1909f56bfc062723c751e8b465ee728b)  -> (artifact id: '737cbc416e3f29dd48f7740fbf542cb3') in 0.042347 seconds 
  Import took 0.048720 seconds .

========================================================================
Received Import Request.
  Time since last request: 0.751424 seconds.
  path: Assets/Scripts/DestructableObject.cs
  artifactKey: Guid(dae00853a75a75f4fa008def771b75c8) Importer(815301076,1909f56bfc062723c751e8b465ee728b)
Start importing Assets/Scripts/DestructableObject.cs using Guid(dae00853a75a75f4fa008def771b75c8) Importer(815301076,1909f56bfc062723c751e8b465ee728b)  -> (artifact id: '6f6f893028c02f6ad10491f4770309e5') in 0.041645 seconds 
  Import took 0.048025 seconds .

========================================================================
Received Import Request.
  Time since last request: 1.234029 seconds.
  path: Assets/Scripts/ThePlayerManager.cs
  artifactKey: Guid(782a66ca726efa646b566d1068224d2f) Importer(815301076,1909f56bfc062723c751e8b465ee728b)
Start importing Assets/Scripts/ThePlayerManager.cs using Guid(782a66ca726efa646b566d1068224d2f) Importer(815301076,1909f56bfc062723c751e8b465ee728b)  -> (artifact id: 'f451a1036c99efbba86a8da48e77ebe9') in 0.055261 seconds 
  Import took 0.061895 seconds .

========================================================================
Received Import Request.
  Time since last request: 15.115147 seconds.
  path: Assets/Scripts/PowerUpGeneric.cs
  artifactKey: Guid(4988634e9908b9a4caf6600e7bb04b33) Importer(815301076,1909f56bfc062723c751e8b465ee728b)
Start importing Assets/Scripts/PowerUpGeneric.cs using Guid(4988634e9908b9a4caf6600e7bb04b33) Importer(815301076,1909f56bfc062723c751e8b465ee728b)  -> (artifact id: '5778dcc8056c55bc858077b124236ff6') in 0.053466 seconds 
  Import took 0.060201 seconds .

AssetImportWorkerClient::OnTransportError - code=2 error=End of file
