Using pre-set license
Built from '2020.3/staging' branch; Version is '2020.3.19f1 (68f137dc9bbe) revision 6877495'; Using compiler version '192528614'; Build Type 'Release'
OS: 'Windows 10 Home; OS build 19044.2846; Version 2009; 64bit' Language: 'en' Physical Memory: 16215 MB
BatchMode: 1, IsHumanControllingUs: 0, StartBugReporterOnCrash: 0, Is64bit: 1, IsPro: 0

COMMAND LINE ARGUMENTS:
C:\Program Files\Unity\Hub\Editor\2020.3.19f1\Editor\Unity.exe
-adb2
-batchMode
-noUpm
-name
AssetImportWorker0
-projectPath
C:/Users/j18re/Desktop/COMP 1682/Prototype - Red Terror
-logFile
Logs/AssetImportWorker0.log
-srvPort
51393
Successfully changed project path to: C:/Users/j18re/Desktop/COMP 1682/Prototype - Red Terror
C:/Users/j18re/Desktop/COMP 1682/Prototype - Red Terror
Using Asset Import Pipeline V2.
Refreshing native plugins compatible for Editor in 62.34 ms, found 3 plugins.
Preloading 0 native plugins for Editor in 0.00 ms.
Initialize engine version: 2020.3.19f1 (68f137dc9bbe)
[Subsystems] Discovering subsystems at path C:/Program Files/Unity/Hub/Editor/2020.3.19f1/Editor/Data/Resources/UnitySubsystems
[Subsystems] Discovering subsystems at path C:/Users/j18re/Desktop/COMP 1682/Prototype - Red Terror/Assets
GfxDevice: creating device client; threaded=0
Direct3D:
    Version:  Direct3D 11.0 [level 11.1]
    Renderer: NVIDIA GeForce RTX 2070 with Max-Q Design (ID=0x1f14)
    Vendor:   
    VRAM:     8019 MB
    Driver:   31.0.15.3168
Initialize mono
Mono path[0] = 'C:/Program Files/Unity/Hub/Editor/2020.3.19f1/Editor/Data/Managed'
Mono path[1] = 'C:/Program Files/Unity/Hub/Editor/2020.3.19f1/Editor/Data/MonoBleedingEdge/lib/mono/unityjit'
Mono config path = 'C:/Program Files/Unity/Hub/Editor/2020.3.19f1/Editor/Data/MonoBleedingEdge/etc'
Using monoOptions --debugger-agent=transport=dt_socket,embedding=1,server=y,suspend=n,address=127.0.0.1:56524
Begin MonoManager ReloadAssembly
Registering precompiled unity dll's ...
Register platform support module: C:/Program Files/Unity/Hub/Editor/2020.3.19f1/Editor/Data/PlaybackEngines/WindowsStandaloneSupport/UnityEditor.WindowsStandalone.Extensions.dll
Registered in 0.002980 seconds.
Native extension for WindowsStandalone target not found
Refreshing native plugins compatible for Editor in 60.52 ms, found 3 plugins.
Preloading 0 native plugins for Editor in 0.00 ms.
Mono: successfully reloaded assembly
- Completed reload, in  1.776 seconds
Domain Reload Profiling:
	ReloadAssembly (1777ms)
		BeginReloadAssembly (77ms)
			ExecutionOrderSort (0ms)
			DisableScriptedObjects (0ms)
			BackupInstance (0ms)
			ReleaseScriptingObjects (0ms)
			CreateAndSetChildDomain (1ms)
		EndReloadAssembly (582ms)
			LoadAssemblies (73ms)
			RebuildTransferFunctionScriptingTraits (0ms)
			SetupTypeCache (216ms)
			ReleaseScriptCaches (0ms)
			RebuildScriptCaches (39ms)
			SetupLoadedEditorAssemblies (231ms)
				LogAssemblyErrors (0ms)
				InitializePlatformSupportModulesInManaged (5ms)
				SetLoadedEditorAssemblies (0ms)
				RefreshPlugins (61ms)
				BeforeProcessingInitializeOnLoad (21ms)
				ProcessInitializeOnLoadAttributes (106ms)
				ProcessInitializeOnLoadMethodAttributes (37ms)
				AfterProcessingInitializeOnLoad (0ms)
				EditorAssembliesLoaded (0ms)
			ExecutionOrderSort2 (0ms)
			AwakeInstancesAfterBackupRestoration (0ms)
Platform modules already initialized, skipping
Registering precompiled user dll's ...
Registered in 0.004858 seconds.
Begin MonoManager ReloadAssembly
Native extension for WindowsStandalone target not found
Refreshing native plugins compatible for Editor in 60.81 ms, found 3 plugins.
Preloading 0 native plugins for Editor in 0.00 ms.
Mono: successfully reloaded assembly
- Completed reload, in  1.534 seconds
Domain Reload Profiling:
	ReloadAssembly (1535ms)
		BeginReloadAssembly (198ms)
			ExecutionOrderSort (0ms)
			DisableScriptedObjects (6ms)
			BackupInstance (0ms)
			ReleaseScriptingObjects (0ms)
			CreateAndSetChildDomain (23ms)
		EndReloadAssembly (1248ms)
			LoadAssemblies (128ms)
			RebuildTransferFunctionScriptingTraits (0ms)
			SetupTypeCache (407ms)
			ReleaseScriptCaches (1ms)
			RebuildScriptCaches (63ms)
			SetupLoadedEditorAssemblies (476ms)
				LogAssemblyErrors (0ms)
				InitializePlatformSupportModulesInManaged (6ms)
				SetLoadedEditorAssemblies (0ms)
				RefreshPlugins (61ms)
				BeforeProcessingInitializeOnLoad (110ms)
				ProcessInitializeOnLoadAttributes (271ms)
				ProcessInitializeOnLoadMethodAttributes (18ms)
				AfterProcessingInitializeOnLoad (10ms)
				EditorAssembliesLoaded (0ms)
			ExecutionOrderSort2 (0ms)
			AwakeInstancesAfterBackupRestoration (10ms)
Platform modules already initialized, skipping
========================================================================
Worker process is ready to serve import requests
Launched and connected shader compiler UnityShaderCompiler.exe after 0.06 seconds
Refreshing native plugins compatible for Editor in 0.54 ms, found 3 plugins.
Preloading 0 native plugins for Editor in 0.00 ms.
Unloading 2135 Unused Serialized files (Serialized files now loaded: 0)
System memory in use before: 96.1 MB.
System memory in use after: 96.2 MB.

Unloading 26 unused Assets to reduce memory usage. Loaded Objects now: 2575.
Total: 4.142100 ms (FindLiveObjects: 0.245900 ms CreateObjectMapping: 0.112800 ms MarkObjects: 3.698400 ms  DeleteObjects: 0.083600 ms)

AssetImportParameters requested are different than current active one (requested -> active):
  custom:framework-win-MediaFoundation: 216162199b28c13a410421893ffa2e32 -> 
  custom:video-decoder-ogg-theora: a1e56fd34408186e4bbccfd4996cb3dc -> 
  custom:container-muxer-webm: aa71ff27fc2769a1b78a27578f13a17b -> 
  custom:container-demuxer-webm: 4f35f7cbe854078d1ac9338744f61a02 -> 
  custom:container-demuxer-ogg: 62fdf1f143b41e24485cea50d1cbac27 -> 
  custom:video-encoder-webm-vp8: eb34c28f22e8b96e1ab97ce403110664 -> 
  custom:video-decoder-webm-vp8: 9c59270c3fd7afecdb556c50c9e8de78 -> 
  custom:audio-decoder-ogg-vorbis: bf7c407c2cedff20999df2af8eb42d56 -> 
  custom:audio-encoder-webm-vorbis: bf7c407c2cedff20999df2af8eb42d56 -> 
========================================================================
Received Import Request.
  path: Assets/Level_Transitions/Mum_Transitions
  artifactKey: Guid(139697747a92bbe488aa06e47c5eae5a) Importer(815301076,1909f56bfc062723c751e8b465ee728b)
Start importing Assets/Level_Transitions/Mum_Transitions using Guid(139697747a92bbe488aa06e47c5eae5a) Importer(815301076,1909f56bfc062723c751e8b465ee728b)  -> (artifact id: '5c2df5e259f9a3454bd1b51fa28546b9') in 0.012491 seconds 
  Import took 0.018534 seconds .

========================================================================
Received Import Request.
  Time since last request: 0.000546 seconds.
  path: Assets/Level_Transitions/Mum_Transitions/Mum_HomeTrans.unity
  artifactKey: Guid(5a7c287fb6dd6f94587fcdfaec8bdd50) Importer(815301076,1909f56bfc062723c751e8b465ee728b)
Start importing Assets/Level_Transitions/Mum_Transitions/Mum_HomeTrans.unity using Guid(5a7c287fb6dd6f94587fcdfaec8bdd50) Importer(815301076,1909f56bfc062723c751e8b465ee728b)  -> (artifact id: 'f463b54cf09fd76720e7f25c7eda5c68') in 0.017290 seconds 
  Import took 0.022018 seconds .

========================================================================
Received Import Request.
  Time since last request: 19.950141 seconds.
  path: Assets/Level_Transitions/Mum_Transitions/Mum_DinnerTrans.unity
  artifactKey: Guid(01992306f092abc48a9a16f5b749701e) Importer(815301076,1909f56bfc062723c751e8b465ee728b)
Start importing Assets/Level_Transitions/Mum_Transitions/Mum_DinnerTrans.unity using Guid(01992306f092abc48a9a16f5b749701e) Importer(815301076,1909f56bfc062723c751e8b465ee728b)  -> (artifact id: '9138aaee35f013fddeaf5ca5522a7994') in 0.009548 seconds 
  Import took 0.014998 seconds .

========================================================================
Received Import Request.
  Time since last request: 5.191530 seconds.
  path: Assets/Level_Transitions/Mum_Transitions/Mum_ShopTrans.unity
  artifactKey: Guid(1eb2f58c0a7da2a43b0141ba147905f3) Importer(815301076,1909f56bfc062723c751e8b465ee728b)
Start importing Assets/Level_Transitions/Mum_Transitions/Mum_ShopTrans.unity using Guid(1eb2f58c0a7da2a43b0141ba147905f3) Importer(815301076,1909f56bfc062723c751e8b465ee728b)  -> (artifact id: '651a897bdc4b0ea3377568d71f670792') in 0.009315 seconds 
  Import took 0.023444 seconds .

========================================================================
Received Import Request.
  Time since last request: 2.142157 seconds.
  path: Assets/Level_Transitions/Mum_Transitions/Mum_DeadDadTrans.unity
  artifactKey: Guid(b327cdfc6b14cd041ab9499829e0ead0) Importer(815301076,1909f56bfc062723c751e8b465ee728b)
Start importing Assets/Level_Transitions/Mum_Transitions/Mum_DeadDadTrans.unity using Guid(b327cdfc6b14cd041ab9499829e0ead0) Importer(815301076,1909f56bfc062723c751e8b465ee728b)  -> (artifact id: '1097ae8d501862734dbb64c23031496e') in 0.010415 seconds 
  Import took 0.015876 seconds .

AssetImportWorkerClient::OnTransportError - code=2 error=End of file
