Using pre-set license
Built from '2020.3/staging' branch; Version is '2020.3.28f1 (f5400f52e03f) revision 16072719'; Using compiler version '192528614'; Build Type 'Release'
OS: 'Windows 11  (10.0.22621) 64bit Core' Language: 'en' Physical Memory: 16215 MB
BatchMode: 1, IsHumanControllingUs: 0, StartBugReporterOnCrash: 0, Is64bit: 1, IsPro: 0

COMMAND LINE ARGUMENTS:
C:\Program Files\Unity\Hub\Editor\2020.3.28f1\Editor\Unity.exe
-adb2
-batchMode
-noUpm
-name
AssetImportWorker0
-projectPath
D:/COMP 1847/Group Project CW
-logFile
Logs/AssetImportWorker0.log
-srvPort
53074
Successfully changed project path to: D:/COMP 1847/Group Project CW
D:/COMP 1847/Group Project CW
Using Asset Import Pipeline V2.
Refreshing native plugins compatible for Editor in 61.76 ms, found 2 plugins.
Preloading 0 native plugins for Editor in 0.00 ms.
Initialize engine version: 2020.3.28f1 (f5400f52e03f)
[Subsystems] Discovering subsystems at path C:/Program Files/Unity/Hub/Editor/2020.3.28f1/Editor/Data/Resources/UnitySubsystems
[Subsystems] Discovering subsystems at path D:/COMP 1847/Group Project CW/Assets
GfxDevice: creating device client; threaded=0
Direct3D:
    Version:  Direct3D 11.0 [level 11.1]
    Renderer: NVIDIA GeForce RTX 2070 with Max-Q Design (ID=0x1f14)
    Vendor:   
    VRAM:     8019 MB
    Driver:   31.0.15.3699
Initialize mono
Mono path[0] = 'C:/Program Files/Unity/Hub/Editor/2020.3.28f1/Editor/Data/Managed'
Mono path[1] = 'C:/Program Files/Unity/Hub/Editor/2020.3.28f1/Editor/Data/MonoBleedingEdge/lib/mono/unityjit'
Mono config path = 'C:/Program Files/Unity/Hub/Editor/2020.3.28f1/Editor/Data/MonoBleedingEdge/etc'
Using monoOptions --debugger-agent=transport=dt_socket,embedding=1,server=y,suspend=n,address=127.0.0.1:56940
Begin MonoManager ReloadAssembly
Registering precompiled unity dll's ...
Register platform support module: C:/Program Files/Unity/Hub/Editor/2020.3.28f1/Editor/Data/PlaybackEngines/WindowsStandaloneSupport/UnityEditor.WindowsStandalone.Extensions.dll
Registered in 0.002408 seconds.
Native extension for WindowsStandalone target not found
Refreshing native plugins compatible for Editor in 50.88 ms, found 2 plugins.
Preloading 0 native plugins for Editor in 0.00 ms.
Mono: successfully reloaded assembly
- Completed reload, in  0.847 seconds
Domain Reload Profiling:
	ReloadAssembly (847ms)
		BeginReloadAssembly (94ms)
			ExecutionOrderSort (0ms)
			DisableScriptedObjects (0ms)
			BackupInstance (0ms)
			ReleaseScriptingObjects (0ms)
			CreateAndSetChildDomain (2ms)
		EndReloadAssembly (651ms)
			LoadAssemblies (91ms)
			RebuildTransferFunctionScriptingTraits (0ms)
			SetupTypeCache (238ms)
			ReleaseScriptCaches (0ms)
			RebuildScriptCaches (43ms)
			SetupLoadedEditorAssemblies (231ms)
				LogAssemblyErrors (0ms)
				InitializePlatformSupportModulesInManaged (6ms)
				SetLoadedEditorAssemblies (0ms)
				RefreshPlugins (51ms)
				BeforeProcessingInitializeOnLoad (22ms)
				ProcessInitializeOnLoadAttributes (113ms)
				ProcessInitializeOnLoadMethodAttributes (38ms)
				AfterProcessingInitializeOnLoad (0ms)
				EditorAssembliesLoaded (0ms)
			ExecutionOrderSort2 (0ms)
			AwakeInstancesAfterBackupRestoration (0ms)
Platform modules already initialized, skipping
Registering precompiled user dll's ...
Registered in 0.003644 seconds.
Begin MonoManager ReloadAssembly
Native extension for WindowsStandalone target not found
Refreshing native plugins compatible for Editor in 0.58 ms, found 2 plugins.
Preloading 0 native plugins for Editor in 0.00 ms.
Mono: successfully reloaded assembly
- Completed reload, in  1.519 seconds
Domain Reload Profiling:
	ReloadAssembly (1519ms)
		BeginReloadAssembly (220ms)
			ExecutionOrderSort (0ms)
			DisableScriptedObjects (6ms)
			BackupInstance (0ms)
			ReleaseScriptingObjects (0ms)
			CreateAndSetChildDomain (25ms)
		EndReloadAssembly (1202ms)
			LoadAssemblies (144ms)
			RebuildTransferFunctionScriptingTraits (0ms)
			SetupTypeCache (397ms)
			ReleaseScriptCaches (0ms)
			RebuildScriptCaches (58ms)
			SetupLoadedEditorAssemblies (458ms)
				LogAssemblyErrors (0ms)
				InitializePlatformSupportModulesInManaged (7ms)
				SetLoadedEditorAssemblies (1ms)
				RefreshPlugins (1ms)
				BeforeProcessingInitializeOnLoad (131ms)
				ProcessInitializeOnLoadAttributes (288ms)
				ProcessInitializeOnLoadMethodAttributes (22ms)
				AfterProcessingInitializeOnLoad (9ms)
				EditorAssembliesLoaded (0ms)
			ExecutionOrderSort2 (0ms)
			AwakeInstancesAfterBackupRestoration (10ms)
Platform modules already initialized, skipping
========================================================================
Worker process is ready to serve import requests
Launched and connected shader compiler UnityShaderCompiler.exe after 0.05 seconds
Refreshing native plugins compatible for Editor in 1.00 ms, found 2 plugins.
Preloading 0 native plugins for Editor in 0.00 ms.
Unloading 1618 Unused Serialized files (Serialized files now loaded: 0)
System memory in use before: 74.2 MB.
System memory in use after: 74.3 MB.

Unloading 23 unused Assets to reduce memory usage. Loaded Objects now: 2054.
Total: 4.701100 ms (FindLiveObjects: 0.198200 ms CreateObjectMapping: 0.082500 ms MarkObjects: 4.330500 ms  DeleteObjects: 0.087400 ms)

AssetImportParameters requested are different than current active one (requested -> active):
  custom:framework-win-MediaFoundation: 216162199b28c13a410421893ffa2e32 -> 
  custom:video-decoder-ogg-theora: a1e56fd34408186e4bbccfd4996cb3dc -> 
  custom:container-muxer-webm: aa71ff27fc2769a1b78a27578f13a17b -> 
  custom:container-demuxer-webm: 4f35f7cbe854078d1ac9338744f61a02 -> 
  custom:container-demuxer-ogg: 62fdf1f143b41e24485cea50d1cbac27 -> 
  custom:video-encoder-webm-vp8: eb34c28f22e8b96e1ab97ce403110664 -> 
  custom:video-codec-MediaFoundation-h265: 746d11721c4dcdbdad8f713fa42b33f4 -> 
  custom:video-decoder-webm-vp8: 9c59270c3fd7afecdb556c50c9e8de78 -> 
  custom:audio-decoder-ogg-vorbis: bf7c407c2cedff20999df2af8eb42d56 -> 
  custom:audio-encoder-webm-vorbis: bf7c407c2cedff20999df2af8eb42d56 -> 
========================================================================
Received Import Request.
  path: Assets/New Terrain.asset
  artifactKey: Guid(d1d522a4db13d8849abb1a41e0974e10) Importer(815301076,1909f56bfc062723c751e8b465ee728b)
Start importing Assets/New Terrain.asset using Guid(d1d522a4db13d8849abb1a41e0974e10) Importer(815301076,1909f56bfc062723c751e8b465ee728b)  -> (artifact id: '2429d4a30a59267e3c18b3eb2226d41c') in 0.116508 seconds 
  Import took 0.120151 seconds .

========================================================================
Received Import Request.
  Time since last request: 88.570861 seconds.
  path: Assets/Material/Hallway 2.mat
  artifactKey: Guid(5fe888df994a6b347b68792d01d15cd5) Importer(815301076,1909f56bfc062723c751e8b465ee728b)
Start importing Assets/Material/Hallway 2.mat using Guid(5fe888df994a6b347b68792d01d15cd5) Importer(815301076,1909f56bfc062723c751e8b465ee728b)  -> (artifact id: '976311e27e38d03ba63f7c96635f8b4f') in 0.663932 seconds 
  Import took 0.667100 seconds .

========================================================================
Received Import Request.
  Time since last request: 0.000199 seconds.
  path: Assets/Audio/Extended Beat.wav
  artifactKey: Guid(e896f585a679cc644bc46c1448b5abc0) Importer(815301076,1909f56bfc062723c751e8b465ee728b)
Start importing Assets/Audio/Extended Beat.wav using Guid(e896f585a679cc644bc46c1448b5abc0) Importer(815301076,1909f56bfc062723c751e8b465ee728b)  -> (artifact id: 'c73228a06d900f16b61a48c3eb0743d7') in 0.194576 seconds 
  Import took 0.197599 seconds .

========================================================================
Received Import Request.
  Time since last request: 0.000219 seconds.
  path: Assets/Material/Wall.mat
  artifactKey: Guid(77590efa1628f62419759304300dec7f) Importer(815301076,1909f56bfc062723c751e8b465ee728b)
Start importing Assets/Material/Wall.mat using Guid(77590efa1628f62419759304300dec7f) Importer(815301076,1909f56bfc062723c751e8b465ee728b)  -> (artifact id: 'ad184b7fc6018579744590d027ad804d') in 0.092968 seconds 
  Import took 0.095957 seconds .

========================================================================
Received Import Request.
  Time since last request: 0.000228 seconds.
  path: Assets/Material/Hallway.mat
  artifactKey: Guid(6a7316fe642400446806cc9608d2ae9c) Importer(815301076,1909f56bfc062723c751e8b465ee728b)
Start importing Assets/Material/Hallway.mat using Guid(6a7316fe642400446806cc9608d2ae9c) Importer(815301076,1909f56bfc062723c751e8b465ee728b)  -> (artifact id: 'e8f8090683384389029eb18cefd3530b') in 0.086398 seconds 
  Import took 0.089426 seconds .

========================================================================
Received Import Request.
  Time since last request: 0.000235 seconds.
  path: Assets/Material/Shop 3.mat
  artifactKey: Guid(0939d1fc00df0b44099cd0c6405e6eaa) Importer(815301076,1909f56bfc062723c751e8b465ee728b)
Start importing Assets/Material/Shop 3.mat using Guid(0939d1fc00df0b44099cd0c6405e6eaa) Importer(815301076,1909f56bfc062723c751e8b465ee728b)  -> (artifact id: '32b5b2723d83e2197fc13663841155a2') in 0.111145 seconds 
  Import took 0.114331 seconds .

========================================================================
Received Import Request.
  Time since last request: 0.000254 seconds.
  path: Assets/Material/Shop 2.mat
  artifactKey: Guid(b2c2f698346f299459016fbbe4ed4621) Importer(815301076,1909f56bfc062723c751e8b465ee728b)
Start importing Assets/Material/Shop 2.mat using Guid(b2c2f698346f299459016fbbe4ed4621) Importer(815301076,1909f56bfc062723c751e8b465ee728b)  -> (artifact id: '7162b98ca41ddcc60c72b4635e66360b') in 0.099310 seconds 
  Import took 0.102303 seconds .

========================================================================
Received Import Request.
  Time since last request: 0.000190 seconds.
  path: Assets/Material/Stairs.mat
  artifactKey: Guid(387494dbdd95b914c8c98e3e17311615) Importer(815301076,1909f56bfc062723c751e8b465ee728b)
Start importing Assets/Material/Stairs.mat using Guid(387494dbdd95b914c8c98e3e17311615) Importer(815301076,1909f56bfc062723c751e8b465ee728b)  -> (artifact id: '8c1c213da5efc78fb38a5c88aa629824') in 0.075865 seconds 
  Import took 0.078881 seconds .

========================================================================
Received Import Request.
  Time since last request: 0.000249 seconds.
  path: Assets/Material/Shop 4.mat
  artifactKey: Guid(cf82d008ff0d9a7498210cbffb185fc0) Importer(815301076,1909f56bfc062723c751e8b465ee728b)
Start importing Assets/Material/Shop 4.mat using Guid(cf82d008ff0d9a7498210cbffb185fc0) Importer(815301076,1909f56bfc062723c751e8b465ee728b)  -> (artifact id: '2d41fb32af0708250db5188ae25c3f45') in 0.076830 seconds 
  Import took 0.079829 seconds .

========================================================================
Received Import Request.
  Time since last request: 0.000229 seconds.
  path: Assets/Material/Shop 1.mat
  artifactKey: Guid(1045adf7dc7029d4f94ddaa20f3a6135) Importer(815301076,1909f56bfc062723c751e8b465ee728b)
Start importing Assets/Material/Shop 1.mat using Guid(1045adf7dc7029d4f94ddaa20f3a6135) Importer(815301076,1909f56bfc062723c751e8b465ee728b)  -> (artifact id: 'a0e1fed9a8d229b26d52ed316af2ea66') in 0.328547 seconds 
  Import took 0.331590 seconds .

========================================================================
Received Import Request.
  Time since last request: 0.000198 seconds.
  path: Assets/Material/Start.mat
  artifactKey: Guid(00f49d5ee15a61d4f870567da5fce5f6) Importer(815301076,1909f56bfc062723c751e8b465ee728b)
Start importing Assets/Material/Start.mat using Guid(00f49d5ee15a61d4f870567da5fce5f6) Importer(815301076,1909f56bfc062723c751e8b465ee728b)  -> (artifact id: '93fa5b3eb1f06b78745086859099a077') in 0.073713 seconds 
  Import took 0.076791 seconds .

========================================================================
Received Import Request.
  Time since last request: 0.000223 seconds.
  path: Assets/Material/Skybox.mat
  artifactKey: Guid(1c706ee64305b8244a403ae895b740fe) Importer(815301076,1909f56bfc062723c751e8b465ee728b)
Start importing Assets/Material/Skybox.mat using Guid(1c706ee64305b8244a403ae895b740fe) Importer(815301076,1909f56bfc062723c751e8b465ee728b)  -> (artifact id: '90f8d7976d7c004e5965b70d6456e05f') in 0.259070 seconds 
  Import took 0.262091 seconds .

========================================================================
Received Import Request.
  Time since last request: 0.000210 seconds.
  path: Assets/Material/Objects.mat
  artifactKey: Guid(7a8deebd0b7f3bc44a92d28e6bfc7914) Importer(815301076,1909f56bfc062723c751e8b465ee728b)
Start importing Assets/Material/Objects.mat using Guid(7a8deebd0b7f3bc44a92d28e6bfc7914) Importer(815301076,1909f56bfc062723c751e8b465ee728b)  -> (artifact id: 'a66b8f125423b6f754c6b37d56cbdff7') in 0.075052 seconds 
  Import took 0.078145 seconds .

========================================================================
Received Import Request.
  Time since last request: 1.683556 seconds.
  path: Assets/Scripts/Invnetory Scripts
  artifactKey: Guid(a8a7510eb74df254999c5cb2da63ad47) Importer(815301076,1909f56bfc062723c751e8b465ee728b)
Start importing Assets/Scripts/Invnetory Scripts using Guid(a8a7510eb74df254999c5cb2da63ad47) Importer(815301076,1909f56bfc062723c751e8b465ee728b)  -> (artifact id: 'ff2d15baed2b403d758be420ccca1c7e') in 0.046652 seconds 
  Import took 0.050108 seconds .

========================================================================
Received Import Request.
  Time since last request: 1.613992 seconds.
  path: Assets/Scripts/Invnetory Scripts/InventorySlot.cs
  artifactKey: Guid(0fe71ae79770f474ca87169ab9d9dbd7) Importer(815301076,1909f56bfc062723c751e8b465ee728b)
Start importing Assets/Scripts/Invnetory Scripts/InventorySlot.cs using Guid(0fe71ae79770f474ca87169ab9d9dbd7) Importer(815301076,1909f56bfc062723c751e8b465ee728b)  -> (artifact id: '3a84c1dd37907db9ca579aa0b61cb8e0') in 0.045138 seconds 
  Import took 0.048357 seconds .

========================================================================
Received Import Request.
  Time since last request: 48.076425 seconds.
  path: Assets/Scripts/Invnetory Scripts/Inventory.cs
  artifactKey: Guid(5b80b5236e0675c4994236217a97b512) Importer(815301076,1909f56bfc062723c751e8b465ee728b)
Start importing Assets/Scripts/Invnetory Scripts/Inventory.cs using Guid(5b80b5236e0675c4994236217a97b512) Importer(815301076,1909f56bfc062723c751e8b465ee728b)  -> (artifact id: '096b2ee500fa1ab677378e066564856d') in 0.061593 seconds 
  Import took 0.064889 seconds .

========================================================================
Received Import Request.
  Time since last request: 81.457846 seconds.
  path: Assets/Scripts/Invnetory Scripts/ItemInfo.cs
  artifactKey: Guid(458ec43bb848a704f8efaebb05c84145) Importer(815301076,1909f56bfc062723c751e8b465ee728b)
Start importing Assets/Scripts/Invnetory Scripts/ItemInfo.cs using Guid(458ec43bb848a704f8efaebb05c84145) Importer(815301076,1909f56bfc062723c751e8b465ee728b)  -> (artifact id: '1aa744f8b9dd0cf128c86e48fda87b3a') in 0.124381 seconds 
  Import took 0.128412 seconds .

========================================================================
Received Import Request.
  Time since last request: 2.742467 seconds.
  path: Assets/Scripts/Invnetory Scripts/IUseable.cs
  artifactKey: Guid(ed6aa854e875b764ba382fb9a7a555ce) Importer(815301076,1909f56bfc062723c751e8b465ee728b)
Start importing Assets/Scripts/Invnetory Scripts/IUseable.cs using Guid(ed6aa854e875b764ba382fb9a7a555ce) Importer(815301076,1909f56bfc062723c751e8b465ee728b)  -> (artifact id: '8e3e5ee516989f9d106c2f6820367574') in 0.045125 seconds 
  Import took 0.048960 seconds .

========================================================================
Received Import Request.
  Time since last request: 2.264813 seconds.
  path: Assets/Scripts/Invnetory Scripts/Item.cs
  artifactKey: Guid(10dd32d115275cb42bc2f428991a8095) Importer(815301076,1909f56bfc062723c751e8b465ee728b)
Start importing Assets/Scripts/Invnetory Scripts/Item.cs using Guid(10dd32d115275cb42bc2f428991a8095) Importer(815301076,1909f56bfc062723c751e8b465ee728b)  -> (artifact id: 'd87ed5f4d78294a9a8877de09c823517') in 0.101836 seconds 
  Import took 0.105181 seconds .

AssetImportWorkerClient::OnTransportError - code=2 error=End of file
